#! /c/Source/iverilog-install/bin/vvp
:ivl_version "12.0 (devel)" "(s20150603-1539-g2693dd32b)";
:ivl_delay_selection "TYPICAL";
:vpi_time_precision - 12;
:vpi_module "D:\iverilog\lib\ivl\system.vpi";
:vpi_module "D:\iverilog\lib\ivl\vhdl_sys.vpi";
:vpi_module "D:\iverilog\lib\ivl\vhdl_textio.vpi";
:vpi_module "D:\iverilog\lib\ivl\v2005_math.vpi";
:vpi_module "D:\iverilog\lib\ivl\va_math.vpi";
S_000002076db2e500 .scope module, "test" "test" 2 3;
 .timescale -9 -12;
v000002076db71bf0_0 .var "clk_100mhz", 0 0;
v000002076db71290_0 .var "clk_25mhz", 0 0;
v000002076db71dd0_0 .var "cnt", 7 0;
v000002076db71e70_0 .var "pulse_sig", 0 0;
v000002076db71a10_0 .var "rstn", 0 0;
S_000002076db2e690 .scope module, "u_fast2s_pulse" "pulse_syn_fast2s" 2 43, 3 1 0, S_000002076db2e500;
 .timescale 0 0;
    .port_info 0 /INPUT 1 "rstn";
    .port_info 1 /INPUT 1 "clk_fast";
    .port_info 2 /INPUT 1 "pulse_fast";
    .port_info 3 /INPUT 1 "clk_slow";
    .port_info 4 /OUTPUT 1 "pulse_slow";
P_000002076db67b00 .param/l "PULSE_INIT" 0 3 2, C4<0>;
L_000002076db79d80 .functor AND 1, L_000002076db71c90, L_000002076db71fb0, C4<1>, C4<1>;
L_000002076db79b50 .functor NOT 1, L_000002076db79d80, C4<0>, C4<0>, C4<0>;
v000002076db26600_0 .net *"_ivl_3", 0 0, L_000002076db71c90;  1 drivers
v000002076db26450_0 .net *"_ivl_5", 0 0, L_000002076db71fb0;  1 drivers
v000002076db26820_0 .net *"_ivl_7", 0 0, L_000002076db79d80;  1 drivers
v000002076db29080_0 .net "clear_n", 0 0, L_000002076db79b50;  1 drivers
v000002076db66b30_0 .net "clk_fast", 0 0, v000002076db71bf0_0;  1 drivers
v000002076db66bd0_0 .net "clk_slow", 0 0, v000002076db71290_0;  1 drivers
v000002076db67c80_0 .net "pulse_fast", 0 0, v000002076db71e70_0;  1 drivers
v000002076db67d20_0 .var "pulse_fast2s_r", 1 0;
v000002076db2b5e0_0 .var "pulse_fast_r", 0 0;
v000002076db71d30_0 .net "pulse_slow", 0 0, L_000002076db71830;  1 drivers
v000002076db71b50_0 .var "pulse_slow2f_r", 1 0;
v000002076db715b0_0 .net "rstn", 0 0, v000002076db71a10_0;  1 drivers
E_000002076db67b40/0 .event negedge, v000002076db715b0_0;
E_000002076db67b40/1 .event posedge, v000002076db66b30_0;
E_000002076db67b40 .event/or E_000002076db67b40/0, E_000002076db67b40/1;
E_000002076db675c0/0 .event negedge, v000002076db715b0_0;
E_000002076db675c0/1 .event posedge, v000002076db66bd0_0;
E_000002076db675c0 .event/or E_000002076db675c0/0, E_000002076db675c0/1;
L_000002076db71830 .part v000002076db67d20_0, 1, 1;
L_000002076db71c90 .reduce/nor v000002076db71e70_0;
L_000002076db71fb0 .part v000002076db71b50_0, 1, 1;
    .scope S_000002076db2e690;
T_0 ;
    %wait E_000002076db67b40;
    %load/vec4 v000002076db715b0_0;
    %nor/r;
    %flag_set/vec4 8;
    %jmp/0xz  T_0.0, 8;
    %pushi/vec4 0, 0, 1;
    %assign/vec4 v000002076db2b5e0_0, 0;
    %jmp T_0.1;
T_0.0 ;
    %load/vec4 v000002076db29080_0;
    %nor/r;
    %flag_set/vec4 8;
    %jmp/0xz  T_0.2, 8;
    %pushi/vec4 0, 0, 1;
    %assign/vec4 v000002076db2b5e0_0, 0;
    %jmp T_0.3;
T_0.2 ;
    %load/vec4 v000002076db67c80_0;
    %flag_set/vec4 8;
    %jmp/0xz  T_0.4, 8;
    %pushi/vec4 1, 0, 1;
    %assign/vec4 v000002076db2b5e0_0, 0;
T_0.4 ;
T_0.3 ;
T_0.1 ;
    %jmp T_0;
    .thread T_0;
    .scope S_000002076db2e690;
T_1 ;
    %wait E_000002076db675c0;
    %load/vec4 v000002076db715b0_0;
    %nor/r;
    %flag_set/vec4 8;
    %jmp/0xz  T_1.0, 8;
    %pushi/vec4 0, 0, 2;
    %assign/vec4 v000002076db67d20_0, 0;
    %jmp T_1.1;
T_1.0 ;
    %load/vec4 v000002076db67d20_0;
    %parti/s 1, 0, 2;
    %load/vec4 v000002076db2b5e0_0;
    %concat/vec4; draw_concat_vec4
    %assign/vec4 v000002076db67d20_0, 0;
T_1.1 ;
    %jmp T_1;
    .thread T_1;
    .scope S_000002076db2e690;
T_2 ;
    %wait E_000002076db67b40;
    %load/vec4 v000002076db715b0_0;
    %nor/r;
    %flag_set/vec4 8;
    %jmp/0xz  T_2.0, 8;
    %pushi/vec4 0, 0, 2;
    %assign/vec4 v000002076db71b50_0, 0;
    %jmp T_2.1;
T_2.0 ;
    %load/vec4 v000002076db71b50_0;
    %parti/s 1, 0, 2;
    %load/vec4 v000002076db71d30_0;
    %concat/vec4; draw_concat_vec4
    %assign/vec4 v000002076db71b50_0, 0;
T_2.1 ;
    %jmp T_2;
    .thread T_2;
    .scope S_000002076db2e500;
T_3 ;
    %pushi/vec4 0, 0, 1;
    %store/vec4 v000002076db71bf0_0, 0, 1;
    %pushi/vec4 0, 0, 1;
    %store/vec4 v000002076db71290_0, 0, 1;
    %pushi/vec4 0, 0, 1;
    %store/vec4 v000002076db71a10_0, 0, 1;
    %delay 11000, 0;
    %pushi/vec4 1, 0, 1;
    %store/vec4 v000002076db71a10_0, 0, 1;
    %end;
    .thread T_3;
    .scope S_000002076db2e500;
T_4 ;
    %delay 5000, 0;
    %load/vec4 v000002076db71bf0_0;
    %inv;
    %store/vec4 v000002076db71bf0_0, 0, 1;
    %jmp T_4;
    .thread T_4;
    .scope S_000002076db2e500;
T_5 ;
    %delay 22000, 0;
    %load/vec4 v000002076db71290_0;
    %inv;
    %store/vec4 v000002076db71290_0, 0, 1;
    %jmp T_5;
    .thread T_5;
    .scope S_000002076db2e500;
T_6 ;
    %wait E_000002076db67b40;
    %load/vec4 v000002076db71a10_0;
    %nor/r;
    %flag_set/vec4 8;
    %jmp/0xz  T_6.0, 8;
    %pushi/vec4 0, 0, 8;
    %assign/vec4 v000002076db71dd0_0, 0;
    %jmp T_6.1;
T_6.0 ;
    %load/vec4 v000002076db71dd0_0;
    %addi 1, 0, 8;
    %assign/vec4 v000002076db71dd0_0, 0;
T_6.1 ;
    %jmp T_6;
    .thread T_6;
    .scope S_000002076db2e500;
T_7 ;
    %wait E_000002076db67b40;
    %load/vec4 v000002076db71a10_0;
    %nor/r;
    %flag_set/vec4 8;
    %jmp/0xz  T_7.0, 8;
    %pushi/vec4 0, 0, 1;
    %assign/vec4 v000002076db71e70_0, 0;
    %jmp T_7.1;
T_7.0 ;
    %load/vec4 v000002076db71dd0_0;
    %pad/u 32;
    %cmpi/e 5, 0, 32;
    %jmp/1 T_7.8, 4;
    %flag_mov 8, 4;
    %load/vec4 v000002076db71dd0_0;
    %pad/u 32;
    %cmpi/e 40, 0, 32;
    %flag_or 4, 8;
T_7.8;
    %jmp/1 T_7.7, 4;
    %flag_mov 8, 4;
    %load/vec4 v000002076db71dd0_0;
    %pad/u 32;
    %cmpi/e 42, 0, 32;
    %flag_or 4, 8;
T_7.7;
    %jmp/1 T_7.6, 4;
    %flag_mov 8, 4;
    %load/vec4 v000002076db71dd0_0;
    %pad/u 32;
    %cmpi/u 75, 0, 32;
    %flag_inv 5; GE is !LT
    %flag_get/vec4 5;
    %jmp/0 T_7.9, 5;
    %load/vec4 v000002076db71dd0_0;
    %pad/u 32;
    %cmpi/u 81, 0, 32;
    %flag_get/vec4 4;
    %flag_get/vec4 5;
    %or;
    %and;
T_7.9;
    %flag_set/vec4 9;
    %flag_or 9, 8;
    %flag_mov 4, 9;
T_7.6;
    %jmp/1 T_7.5, 4;
    %flag_mov 8, 4;
    %load/vec4 v000002076db71dd0_0;
    %pad/u 32;
    %cmpi/e 85, 0, 32;
    %flag_or 4, 8;
T_7.5;
    %jmp/1 T_7.4, 4;
    %flag_mov 8, 4;
    %load/vec4 v000002076db71dd0_0;
    %pad/u 32;
    %cmpi/e 87, 0, 32;
    %flag_or 4, 8;
T_7.4;
    %jmp/0xz  T_7.2, 4;
    %pushi/vec4 1, 0, 1;
    %assign/vec4 v000002076db71e70_0, 0;
    %jmp T_7.3;
T_7.2 ;
    %pushi/vec4 0, 0, 1;
    %assign/vec4 v000002076db71e70_0, 0;
T_7.3 ;
T_7.1 ;
    %jmp T_7;
    .thread T_7;
    .scope S_000002076db2e500;
T_8 ;
T_8.0 ;
    %delay 100000, 0;
    %vpi_func 2 53 "$time" 64 {0 0 0};
    %cmpi/u 10000, 0, 64;
    %flag_inv 5; GE is !LT
    %jmp/0xz  T_8.1, 5;
    %vpi_call 2 53 "$finish" {0 0 0};
T_8.1 ;
    %jmp T_8.0;
    %end;
    .thread T_8;
    .scope S_000002076db2e500;
T_9 ;
    %vpi_call 2 58 "$dumpfile", "wave.vcd" {0 0 0};
    %vpi_call 2 59 "$dumpvars" {0 0 0};
    %end;
    .thread T_9;
# The file index is used to find the file name in the following table.
:file_names 4;
    "N/A";
    "<interactive>";
    "test.v";
    "pulse_sync_fast2s.v";
