#! /c/Source/iverilog-install/bin/vvp
:ivl_version "12.0 (devel)" "(s20150603-1539-g2693dd32b)";
:ivl_delay_selection "TYPICAL";
:vpi_time_precision - 9;
:vpi_module "D:\iverilog\lib\ivl\system.vpi";
:vpi_module "D:\iverilog\lib\ivl\vhdl_sys.vpi";
:vpi_module "D:\iverilog\lib\ivl\vhdl_textio.vpi";
:vpi_module "D:\iverilog\lib\ivl\v2005_math.vpi";
:vpi_module "D:\iverilog\lib\ivl\va_math.vpi";
S_000001843692e120 .scope module, "time_delay_tb" "time_delay_tb" 2 5;
 .timescale -9 -9;
v000001843692e4e0_0 .var "ai", 0 0;
v000001843692b780_0 .var "bi", 0 0;
v000001843692b820_0 .net "so_get", 0 0, L_00000184369297f0;  1 drivers
v000001843692b8c0_0 .net "so_lose", 0 0, L_0000018436929420;  1 drivers
v000001843692b960_0 .net "so_nomal", 0 0, L_00000184369bc240;  1 drivers
S_000001843692e2b0 .scope module, "u_time_delay" "time_delay" 2 27, 3 3 0, S_000001843692e120;
 .timescale -9 -9;
    .port_info 0 /INPUT 1 "ai";
    .port_info 1 /INPUT 1 "bi";
    .port_info 2 /OUTPUT 1 "so_nomal";
    .port_info 3 /OUTPUT 1 "so_get";
    .port_info 4 /OUTPUT 1 "so_lose";
L_0000018436929420/d .functor AND 1, v000001843692e4e0_0, v000001843692b780_0, C4<1>, C4<1>;
L_0000018436929420 .delay 1 (20,20,20) L_0000018436929420/d;
L_00000184369297f0/d .functor AND 1, v000001843692e4e0_0, v000001843692b780_0, C4<1>, C4<1>;
L_00000184369297f0 .delay 1 (5,5,5) L_00000184369297f0/d;
L_00000184369bc240 .functor AND 1, v000001843692e4e0_0, v000001843692b780_0, C4<1>, C4<1>;
v000001843692a0f0_0 .net "ai", 0 0, v000001843692e4e0_0;  1 drivers
v0000018436943100_0 .net "bi", 0 0, v000001843692b780_0;  1 drivers
v0000018436929750_0 .net "so_get", 0 0, L_00000184369297f0;  alias, 1 drivers
v0000018436929380_0 .net "so_lose", 0 0, L_0000018436929420;  alias, 1 drivers
v000001843692e440_0 .net "so_nomal", 0 0, L_00000184369bc240;  alias, 1 drivers
    .scope S_000001843692e120;
T_0 ;
    %pushi/vec4 0, 0, 1;
    %store/vec4 v000001843692e4e0_0, 0, 1;
    %delay 25, 0;
    %pushi/vec4 1, 0, 1;
    %store/vec4 v000001843692e4e0_0, 0, 1;
    %delay 35, 0;
    %pushi/vec4 0, 0, 1;
    %store/vec4 v000001843692e4e0_0, 0, 1;
    %delay 40, 0;
    %pushi/vec4 1, 0, 1;
    %store/vec4 v000001843692e4e0_0, 0, 1;
    %delay 10, 0;
    %pushi/vec4 0, 0, 1;
    %store/vec4 v000001843692e4e0_0, 0, 1;
    %end;
    .thread T_0;
    .scope S_000001843692e120;
T_1 ;
    %pushi/vec4 1, 0, 1;
    %store/vec4 v000001843692b780_0, 0, 1;
    %delay 70, 0;
    %pushi/vec4 0, 0, 1;
    %store/vec4 v000001843692b780_0, 0, 1;
    %delay 20, 0;
    %pushi/vec4 1, 0, 1;
    %store/vec4 v000001843692b780_0, 0, 1;
    %end;
    .thread T_1;
    .scope S_000001843692e120;
T_2 ;
T_2.0 ;
    %delay 100, 0;
    %vpi_func 2 42 "$time" 64 {0 0 0};
    %cmpi/u 1000, 0, 64;
    %flag_inv 5; GE is !LT
    %jmp/0xz  T_2.1, 5;
    %vpi_call 2 43 "$finish" {0 0 0};
T_2.1 ;
    %jmp T_2.0;
    %end;
    .thread T_2;
    .scope S_000001843692e120;
T_3 ;
    %vpi_call 2 50 "$dumpfile", "wave.vcd" {0 0 0};
    %vpi_call 2 51 "$dumpvars", 32'sb00000000000000000000000000000000 {0 0 0};
    %end;
    .thread T_3;
# The file index is used to find the file name in the following table.
:file_names 4;
    "N/A";
    "<interactive>";
    "time_delay_tb.sv";
    "time_delay.v";
