#! /c/Source/iverilog-install/bin/vvp
:ivl_version "12.0 (devel)" "(s20150603-1539-g2693dd32b)";
:ivl_delay_selection "TYPICAL";
:vpi_time_precision - 12;
:vpi_module "D:\iverilog\lib\ivl\system.vpi";
:vpi_module "D:\iverilog\lib\ivl\vhdl_sys.vpi";
:vpi_module "D:\iverilog\lib\ivl\vhdl_textio.vpi";
:vpi_module "D:\iverilog\lib\ivl\v2005_math.vpi";
:vpi_module "D:\iverilog\lib\ivl\va_math.vpi";
S_0000019ca195b120 .scope module, "mux2_tb" "mux2_tb" 2 4;
 .timescale -9 -12;
v0000019ca1972d30_0 .var "a", 0 0;
v0000019ca1972dd0_0 .var "b", 0 0;
v0000019ca1972e70_0 .net "out", 0 0, v0000019ca1972bf0_0;  1 drivers
v0000019ca1972f10_0 .var "sel", 0 0;
S_0000019ca195b2b0 .scope module, "mux2to1_inst" "mux2to1" 2 48, 3 1 0, S_0000019ca195b120;
 .timescale -9 -12;
    .port_info 0 /OUTPUT 1 "out";
    .port_info 1 /INPUT 1 "a";
    .port_info 2 /INPUT 1 "b";
    .port_info 3 /INPUT 1 "sel";
v0000019ca19733d0_0 .net "a", 0 0, v0000019ca1972d30_0;  1 drivers
v0000019ca1972b50_0 .net "b", 0 0, v0000019ca1972dd0_0;  1 drivers
v0000019ca1972bf0_0 .var "out", 0 0;
v0000019ca1972c90_0 .net "sel", 0 0, v0000019ca1972f10_0;  1 drivers
E_0000019ca19592b0 .event anyedge, v0000019ca1972c90_0, v0000019ca1972b50_0, v0000019ca19733d0_0;
    .scope S_0000019ca195b2b0;
T_0 ;
    %wait E_0000019ca19592b0;
    %load/vec4 v0000019ca1972c90_0;
    %cmpi/e 0, 0, 1;
    %jmp/0xz  T_0.0, 4;
    %load/vec4 v0000019ca19733d0_0;
    %store/vec4 v0000019ca1972bf0_0, 0, 1;
    %jmp T_0.1;
T_0.0 ;
    %load/vec4 v0000019ca1972b50_0;
    %store/vec4 v0000019ca1972bf0_0, 0, 1;
T_0.1 ;
    %jmp T_0;
    .thread T_0, $push;
    .scope S_0000019ca195b120;
T_1 ;
    %pushi/vec4 0, 0, 1;
    %store/vec4 v0000019ca1972d30_0, 0, 1;
    %pushi/vec4 0, 0, 1;
    %store/vec4 v0000019ca1972dd0_0, 0, 1;
    %pushi/vec4 0, 0, 1;
    %store/vec4 v0000019ca1972f10_0, 0, 1;
    %end;
    .thread T_1;
    .scope S_0000019ca195b120;
T_2 ;
    %delay 5000, 0;
    %pushi/vec4 1, 0, 1;
    %store/vec4 v0000019ca1972d30_0, 0, 1;
    %delay 5000, 0;
    %pushi/vec4 0, 0, 1;
    %store/vec4 v0000019ca1972dd0_0, 0, 1;
    %delay 5000, 0;
    %pushi/vec4 1, 0, 1;
    %store/vec4 v0000019ca1972f10_0, 0, 1;
    %delay 5000, 0;
    %pushi/vec4 0, 0, 1;
    %store/vec4 v0000019ca1972f10_0, 0, 1;
    %delay 5000, 0;
    %pushi/vec4 0, 0, 1;
    %store/vec4 v0000019ca1972d30_0, 0, 1;
    %delay 5000, 0;
    %pushi/vec4 1, 0, 1;
    %store/vec4 v0000019ca1972d30_0, 0, 1;
    %delay 5000, 0;
    %pushi/vec4 1, 0, 1;
    %store/vec4 v0000019ca1972dd0_0, 0, 1;
    %delay 5000, 0;
    %pushi/vec4 1, 0, 1;
    %store/vec4 v0000019ca1972f10_0, 0, 1;
    %delay 5000, 0;
    %vpi_call 2 30 "$finish" {0 0 0};
    %end;
    .thread T_2;
    .scope S_0000019ca195b120;
T_3 ;
    %delay 5000, 0;
    %vpi_call 2 36 "$strobe", "$strobe excuting result: %t", $time {0 0 0};
    %vpi_call 2 37 "$monitor", $time, " ", " ", "part:%b %b %b %b", v0000019ca1972d30_0, v0000019ca1972dd0_0, v0000019ca1972f10_0, v0000019ca1972e70_0 {0 0 0};
    %vpi_call 2 38 "$display", "$display excuting result: %t", $time {0 0 0};
    %end;
    .thread T_3;
    .scope S_0000019ca195b120;
T_4 ;
    %vpi_call 2 45 "$dumpfile", "wave.vcd" {0 0 0};
    %vpi_call 2 46 "$dumpvars", 32'sb00000000000000000000000000000000 {0 0 0};
    %end;
    .thread T_4;
# The file index is used to find the file name in the following table.
:file_names 4;
    "N/A";
    "<interactive>";
    "mux2to1_tb.v";
    "./mux2to1.v";
