#! /c/Source/iverilog-install/bin/vvp
:ivl_version "12.0 (devel)" "(s20150603-1539-g2693dd32b)";
:ivl_delay_selection "TYPICAL";
:vpi_time_precision - 12;
:vpi_module "D:\iverilog\lib\ivl\system.vpi";
:vpi_module "D:\iverilog\lib\ivl\vhdl_sys.vpi";
:vpi_module "D:\iverilog\lib\ivl\vhdl_textio.vpi";
:vpi_module "D:\iverilog\lib\ivl\v2005_math.vpi";
:vpi_module "D:\iverilog\lib\ivl\va_math.vpi";
S_000001ca03fcb430 .scope module, "test" "test" 2 3;
 .timescale -9 -12;
v000001ca04080290_0 .var "clk_100mhz", 0 0;
v000001ca04080c90_0 .var "clk_20mhz", 0 0;
v000001ca04080830_0 .var "clk_999khz", 0 0;
v000001ca0407f250_0 .var "din1", 31 0;
v000001ca040805b0_0 .var "din1_en", 0 0;
v000001ca0407f070_0 .var "din2", 31 0;
v000001ca0407f570_0 .var "din2_en", 0 0;
v000001ca0407f1b0_0 .var "rstn", 0 0;
E_000001ca0400e9a0/0 .event negedge, v000001ca0400bb70_0;
E_000001ca0400e9a0/1 .event posedge, v000001ca0400bf30_0;
E_000001ca0400e9a0 .event/or E_000001ca0400e9a0/0, E_000001ca0400e9a0/1;
S_000001ca03fcb5c0 .scope module, "u_delay_cnt_sample" "delay_cnt_sample" 2 57, 3 58 0, S_000001ca03fcb430;
 .timescale 0 0;
    .port_info 0 /INPUT 1 "rstn";
    .port_info 1 /INPUT 1 "clk1";
    .port_info 2 /INPUT 32 "din";
    .port_info 3 /INPUT 1 "din_en";
    .port_info 4 /INPUT 1 "clk2";
    .port_info 5 /OUTPUT 32 "dout";
    .port_info 6 /OUTPUT 1 "dout_en";
L_000001ca04022910 .functor AND 1, L_000001ca0407fe30, L_000001ca0407f890, C4<1>, C4<1>;
L_000001ca04022b40 .functor BUFZ 32, v000001ca0400bfd0_0, C4<00000000000000000000000000000000>, C4<00000000000000000000000000000000>, C4<00000000000000000000000000000000>;
L_000001ca04022280 .functor BUFZ 1, v000001ca0400bad0_0, C4<0>, C4<0>, C4<0>;
v000001ca0400c1b0_0 .net *"_ivl_1", 0 0, L_000001ca0407fe30;  1 drivers
v000001ca0400bcb0_0 .net *"_ivl_3", 0 0, L_000001ca0407fed0;  1 drivers
v000001ca0400c250_0 .net *"_ivl_5", 0 0, L_000001ca0407f890;  1 drivers
v000001ca0400bf30_0 .net "clk1", 0 0, v000001ca04080830_0;  1 drivers
v000001ca0400c2f0_0 .net "clk2", 0 0, v000001ca04080290_0;  1 drivers
v000001ca0400ba30_0 .var "cnt", 5 0;
v000001ca0400b7b0_0 .net "din", 31 0, v000001ca0407f070_0;  1 drivers
v000001ca0400b990_0 .net "din_en", 0 0, v000001ca0407f570_0;  1 drivers
v000001ca0400c570_0 .net "dout", 31 0, L_000001ca04022b40;  1 drivers
v000001ca0400b8f0_0 .net "dout_en", 0 0, L_000001ca04022280;  1 drivers
v000001ca0400bad0_0 .var "dout_en_r", 0 0;
v000001ca0400bfd0_0 .var "dout_r", 31 0;
v000001ca0400c110_0 .net "edge_pos", 0 0, L_000001ca04022910;  1 drivers
v000001ca0400c4d0_0 .var "edge_r", 3 0;
v000001ca0400bb70_0 .net "rstn", 0 0, v000001ca0407f1b0_0;  1 drivers
E_000001ca0400efa0/0 .event negedge, v000001ca0400bb70_0;
E_000001ca0400efa0/1 .event posedge, v000001ca0400c2f0_0;
E_000001ca0400efa0 .event/or E_000001ca0400efa0/0, E_000001ca0400efa0/1;
L_000001ca0407fe30 .part v000001ca0400c4d0_0, 2, 1;
L_000001ca0407fed0 .part v000001ca0400c4d0_0, 3, 1;
L_000001ca0407f890 .reduce/nor L_000001ca0407fed0;
S_000001ca03fce710 .scope module, "u_delay_sample" "delay_sample" 2 33, 3 20 0, S_000001ca03fcb430;
 .timescale 0 0;
    .port_info 0 /INPUT 1 "rstn";
    .port_info 1 /INPUT 1 "clk1";
    .port_info 2 /INPUT 32 "din";
    .port_info 3 /INPUT 1 "din_en";
    .port_info 4 /INPUT 1 "clk2";
    .port_info 5 /OUTPUT 32 "dout";
    .port_info 6 /OUTPUT 1 "dout_en";
L_000001ca04022e50 .functor AND 1, L_000001ca0407fa70, L_000001ca04080510, C4<1>, C4<1>;
L_000001ca040227c0 .functor BUFZ 32, v000001ca040801f0_0, C4<00000000000000000000000000000000>, C4<00000000000000000000000000000000>, C4<00000000000000000000000000000000>;
L_000001ca040229f0 .functor BUFZ 1, v000001ca0407f930_0, C4<0>, C4<0>, C4<0>;
v000001ca0400c610_0 .net *"_ivl_1", 0 0, L_000001ca0407fa70;  1 drivers
v000001ca0400bdf0_0 .net *"_ivl_3", 0 0, L_000001ca0407f610;  1 drivers
v000001ca0400be90_0 .net *"_ivl_5", 0 0, L_000001ca04080510;  1 drivers
v000001ca0400c6b0_0 .net "clk1", 0 0, v000001ca04080c90_0;  1 drivers
v000001ca0400bc10_0 .net "clk2", 0 0, v000001ca04080290_0;  alias, 1 drivers
v000001ca0400c070_0 .net "din", 31 0, v000001ca0407f250_0;  1 drivers
v000001ca040800b0_0 .net "din_en", 0 0, v000001ca040805b0_0;  1 drivers
v000001ca0407ff70_0 .net "din_en_pos", 0 0, L_000001ca04022e50;  1 drivers
v000001ca04080790_0 .var "din_en_r", 2 0;
v000001ca0407f4d0_0 .net "dout", 31 0, L_000001ca040227c0;  1 drivers
v000001ca0407f110_0 .net "dout_en", 0 0, L_000001ca040229f0;  1 drivers
v000001ca0407f930_0 .var "dout_en_r", 0 0;
v000001ca040801f0_0 .var "dout_r", 31 0;
v000001ca0407f2f0_0 .net "rstn", 0 0, v000001ca0407f1b0_0;  alias, 1 drivers
L_000001ca0407fa70 .part v000001ca04080790_0, 1, 1;
L_000001ca0407f610 .part v000001ca04080790_0, 2, 1;
L_000001ca04080510 .reduce/nor L_000001ca0407f610;
    .scope S_000001ca03fce710;
T_0 ;
    %wait E_000001ca0400efa0;
    %load/vec4 v000001ca0407f2f0_0;
    %nor/r;
    %flag_set/vec4 8;
    %jmp/0xz  T_0.0, 8;
    %pushi/vec4 0, 0, 3;
    %assign/vec4 v000001ca04080790_0, 0;
    %jmp T_0.1;
T_0.0 ;
    %load/vec4 v000001ca04080790_0;
    %parti/s 2, 0, 2;
    %load/vec4 v000001ca040800b0_0;
    %concat/vec4; draw_concat_vec4
    %assign/vec4 v000001ca04080790_0, 0;
T_0.1 ;
    %jmp T_0;
    .thread T_0;
    .scope S_000001ca03fce710;
T_1 ;
    %wait E_000001ca0400efa0;
    %load/vec4 v000001ca0407f2f0_0;
    %nor/r;
    %flag_set/vec4 8;
    %jmp/0xz  T_1.0, 8;
    %pushi/vec4 0, 0, 32;
    %assign/vec4 v000001ca040801f0_0, 0;
    %jmp T_1.1;
T_1.0 ;
    %load/vec4 v000001ca0407ff70_0;
    %flag_set/vec4 8;
    %jmp/0xz  T_1.2, 8;
    %load/vec4 v000001ca0400c070_0;
    %assign/vec4 v000001ca040801f0_0, 0;
T_1.2 ;
T_1.1 ;
    %jmp T_1;
    .thread T_1;
    .scope S_000001ca03fce710;
T_2 ;
    %wait E_000001ca0400efa0;
    %load/vec4 v000001ca0407f2f0_0;
    %nor/r;
    %flag_set/vec4 8;
    %jmp/0xz  T_2.0, 8;
    %pushi/vec4 0, 0, 1;
    %assign/vec4 v000001ca0407f930_0, 0;
    %jmp T_2.1;
T_2.0 ;
    %load/vec4 v000001ca0407ff70_0;
    %assign/vec4 v000001ca0407f930_0, 0;
T_2.1 ;
    %jmp T_2;
    .thread T_2;
    .scope S_000001ca03fcb5c0;
T_3 ;
    %wait E_000001ca0400efa0;
    %load/vec4 v000001ca0400bb70_0;
    %nor/r;
    %flag_set/vec4 8;
    %jmp/0xz  T_3.0, 8;
    %pushi/vec4 0, 0, 4;
    %assign/vec4 v000001ca0400c4d0_0, 0;
    %jmp T_3.1;
T_3.0 ;
    %load/vec4 v000001ca0400c4d0_0;
    %load/vec4 v000001ca0400bf30_0;
    %concat/vec4; draw_concat_vec4
    %pad/u 4;
    %assign/vec4 v000001ca0400c4d0_0, 0;
T_3.1 ;
    %jmp T_3;
    .thread T_3;
    .scope S_000001ca03fcb5c0;
T_4 ;
    %wait E_000001ca0400efa0;
    %load/vec4 v000001ca0400bb70_0;
    %nor/r;
    %flag_set/vec4 8;
    %jmp/0xz  T_4.0, 8;
    %pushi/vec4 63, 0, 6;
    %assign/vec4 v000001ca0400ba30_0, 0;
    %jmp T_4.1;
T_4.0 ;
    %load/vec4 v000001ca0400c110_0;
    %flag_set/vec4 9;
    %flag_get/vec4 9;
    %jmp/0 T_4.4, 9;
    %load/vec4 v000001ca0400b990_0;
    %and;
T_4.4;
    %flag_set/vec4 8;
    %jmp/0xz  T_4.2, 8;
    %pushi/vec4 0, 0, 6;
    %assign/vec4 v000001ca0400ba30_0, 0;
    %jmp T_4.3;
T_4.2 ;
    %load/vec4 v000001ca0400ba30_0;
    %cmpi/ne 63, 0, 6;
    %jmp/0xz  T_4.5, 4;
    %load/vec4 v000001ca0400ba30_0;
    %addi 1, 0, 6;
    %assign/vec4 v000001ca0400ba30_0, 0;
T_4.5 ;
T_4.3 ;
T_4.1 ;
    %jmp T_4;
    .thread T_4;
    .scope S_000001ca03fcb5c0;
T_5 ;
    %wait E_000001ca0400efa0;
    %load/vec4 v000001ca0400bb70_0;
    %nor/r;
    %flag_set/vec4 8;
    %jmp/0xz  T_5.0, 8;
    %pushi/vec4 0, 0, 32;
    %assign/vec4 v000001ca0400bfd0_0, 0;
    %jmp T_5.1;
T_5.0 ;
    %load/vec4 v000001ca0400b990_0;
    %flag_set/vec4 9;
    %flag_get/vec4 9;
    %jmp/0 T_5.4, 9;
    %load/vec4 v000001ca0400ba30_0;
    %pad/u 32;
    %pushi/vec4 47, 0, 32;
    %cmp/e;
    %flag_get/vec4 4;
    %and;
T_5.4;
    %flag_set/vec4 8;
    %jmp/0xz  T_5.2, 8;
    %load/vec4 v000001ca0400b7b0_0;
    %assign/vec4 v000001ca0400bfd0_0, 0;
T_5.2 ;
T_5.1 ;
    %jmp T_5;
    .thread T_5;
    .scope S_000001ca03fcb5c0;
T_6 ;
    %wait E_000001ca0400efa0;
    %load/vec4 v000001ca0400bb70_0;
    %nor/r;
    %flag_set/vec4 8;
    %jmp/0xz  T_6.0, 8;
    %pushi/vec4 0, 0, 1;
    %assign/vec4 v000001ca0400bad0_0, 0;
    %jmp T_6.1;
T_6.0 ;
    %load/vec4 v000001ca0400b990_0;
    %flag_set/vec4 9;
    %flag_get/vec4 9;
    %jmp/0 T_6.4, 9;
    %load/vec4 v000001ca0400ba30_0;
    %pad/u 32;
    %pushi/vec4 48, 0, 32;
    %cmp/e;
    %flag_get/vec4 4;
    %and;
T_6.4;
    %flag_set/vec4 8;
    %jmp/0xz  T_6.2, 8;
    %pushi/vec4 1, 0, 1;
    %assign/vec4 v000001ca0400bad0_0, 0;
    %jmp T_6.3;
T_6.2 ;
    %pushi/vec4 0, 0, 1;
    %assign/vec4 v000001ca0400bad0_0, 0;
T_6.3 ;
T_6.1 ;
    %jmp T_6;
    .thread T_6;
    .scope S_000001ca03fcb430;
T_7 ;
    %pushi/vec4 0, 0, 1;
    %store/vec4 v000001ca04080290_0, 0, 1;
    %pushi/vec4 0, 0, 1;
    %store/vec4 v000001ca04080c90_0, 0, 1;
    %pushi/vec4 0, 0, 1;
    %store/vec4 v000001ca04080830_0, 0, 1;
    %pushi/vec4 0, 0, 1;
    %store/vec4 v000001ca0407f1b0_0, 0, 1;
    %delay 11000, 0;
    %pushi/vec4 1, 0, 1;
    %store/vec4 v000001ca0407f1b0_0, 0, 1;
    %end;
    .thread T_7;
    .scope S_000001ca03fcb430;
T_8 ;
    %delay 5000, 0;
    %load/vec4 v000001ca04080290_0;
    %inv;
    %store/vec4 v000001ca04080290_0, 0, 1;
    %jmp T_8;
    .thread T_8;
    .scope S_000001ca03fcb430;
T_9 ;
    %delay 25000, 0;
    %load/vec4 v000001ca04080c90_0;
    %inv;
    %store/vec4 v000001ca04080c90_0, 0, 1;
    %jmp T_9;
    .thread T_9;
    .scope S_000001ca03fcb430;
T_10 ;
    %delay 500000, 0;
    %load/vec4 v000001ca04080830_0;
    %inv;
    %store/vec4 v000001ca04080830_0, 0, 1;
    %jmp T_10;
    .thread T_10;
    .scope S_000001ca03fcb430;
T_11 ;
    %wait E_000001ca0400efa0;
    %load/vec4 v000001ca0407f1b0_0;
    %nor/r;
    %flag_set/vec4 8;
    %jmp/0xz  T_11.0, 8;
    %pushi/vec4 1431677610, 0, 32;
    %assign/vec4 v000001ca0407f250_0, 0;
    %pushi/vec4 0, 0, 1;
    %assign/vec4 v000001ca040805b0_0, 0;
    %jmp T_11.1;
T_11.0 ;
    %load/vec4 v000001ca0407f250_0;
    %addi 17185, 0, 32;
    %assign/vec4 v000001ca0407f250_0, 0;
    %load/vec4 v000001ca040805b0_0;
    %inv;
    %assign/vec4 v000001ca040805b0_0, 0;
T_11.1 ;
    %jmp T_11;
    .thread T_11;
    .scope S_000001ca03fcb430;
T_12 ;
    %wait E_000001ca0400e9a0;
    %load/vec4 v000001ca0407f1b0_0;
    %nor/r;
    %flag_set/vec4 8;
    %jmp/0xz  T_12.0, 8;
    %pushi/vec4 1431677610, 0, 32;
    %assign/vec4 v000001ca0407f070_0, 0;
    %pushi/vec4 0, 0, 1;
    %assign/vec4 v000001ca0407f570_0, 0;
    %jmp T_12.1;
T_12.0 ;
    %load/vec4 v000001ca0407f070_0;
    %addi 17185, 0, 32;
    %assign/vec4 v000001ca0407f070_0, 0;
    %pushi/vec4 1, 0, 1;
    %assign/vec4 v000001ca0407f570_0, 0;
T_12.1 ;
    %jmp T_12;
    .thread T_12;
    .scope S_000001ca03fcb430;
T_13 ;
T_13.0 ;
    %delay 100000, 0;
    %vpi_func 2 69 "$time" 64 {0 0 0};
    %cmpi/u 10000, 0, 64;
    %flag_inv 5; GE is !LT
    %jmp/0xz  T_13.1, 5;
    %vpi_call 2 69 "$finish" {0 0 0};
T_13.1 ;
    %jmp T_13.0;
    %end;
    .thread T_13;
    .scope S_000001ca03fcb430;
T_14 ;
    %vpi_call 2 74 "$dumpfile", "wave.vcd" {0 0 0};
    %vpi_call 2 75 "$dumpvars" {0 0 0};
    %end;
    .thread T_14;
# The file index is used to find the file name in the following table.
:file_names 4;
    "N/A";
    "<interactive>";
    "test.v";
    "sync_slow2f.v";
